{"/home/lais/workspace/projetos/crushs-tests/crushsList.js":{"path":"/home/lais/workspace/projetos/crushs-tests/crushsList.js","s":{"1":1,"2":1,"3":2,"4":1,"5":4,"6":4,"7":2,"8":5,"9":2,"10":2,"11":1,"12":1,"13":1,"14":0,"15":1,"16":4,"17":1,"18":3,"19":1,"20":1},"b":{"1":[1,1],"2":[1,3],"3":[1,2]},"f":{},"fnMap":{},"statementMap":{"1":{"start":{"line":1,"column":0},"end":{"line":6,"column":1}},"2":{"start":{"line":8,"column":0},"end":{"line":8,"column":45}},"3":{"start":{"line":8,"column":34},"end":{"line":8,"column":45}},"4":{"start":{"line":10,"column":0},"end":{"line":19,"column":1}},"5":{"start":{"line":11,"column":2},"end":{"line":18,"column":3}},"6":{"start":{"line":12,"column":4},"end":{"line":12,"column":24}},"7":{"start":{"line":13,"column":4},"end":{"line":13,"column":60}},"8":{"start":{"line":13,"column":45},"end":{"line":13,"column":59}},"9":{"start":{"line":14,"column":4},"end":{"line":14,"column":75}},"10":{"start":{"line":17,"column":4},"end":{"line":17,"column":16}},"11":{"start":{"line":21,"column":0},"end":{"line":21,"column":37}},"12":{"start":{"line":21,"column":26},"end":{"line":21,"column":37}},"13":{"start":{"line":23,"column":0},"end":{"line":23,"column":30}},"14":{"start":{"line":23,"column":27},"end":{"line":23,"column":30}},"15":{"start":{"line":27,"column":0},"end":{"line":30,"column":1}},"16":{"start":{"line":28,"column":2},"end":{"line":28,"column":47}},"17":{"start":{"line":28,"column":12},"end":{"line":28,"column":47}},"18":{"start":{"line":29,"column":2},"end":{"line":29,"column":65}},"19":{"start":{"line":29,"column":31},"end":{"line":29,"column":65}},"20":{"start":{"line":32,"column":0},"end":{"line":36,"column":1}}},"branchMap":{"1":{"line":14,"type":"cond-expr","locations":[{"start":{"line":14,"column":25},"end":{"line":14,"column":36}},{"start":{"line":14,"column":39},"end":{"line":14,"column":75}}]},"2":{"line":28,"type":"if","locations":[{"start":{"line":28,"column":2},"end":{"line":28,"column":2}},{"start":{"line":28,"column":2},"end":{"line":28,"column":2}}]},"3":{"line":29,"type":"if","locations":[{"start":{"line":29,"column":2},"end":{"line":29,"column":2}},{"start":{"line":29,"column":2},"end":{"line":29,"column":2}}]}}}}